2024-08-26 14:04:56 [ERROR]: Erro ao conectar ao MongoDB Invalid scheme, expected connection string to start with "mongodb://" or "mongodb+srv://"
2024-09-16 17:02:49 [ERROR]: AggregateError
2024-09-16 17:13:05 [ERROR]: AggregateError
2024-09-16 17:28:05 [ERROR]: AggregateError
2024-09-18 17:00:47 [ERROR]: Request failed with status code 429
2024-09-18 17:00:47 [ERROR]: Request failed with status code 429
2024-09-18 17:00:47 [ERROR]: Request failed with status code 429
2024-09-18 17:00:48 [ERROR]: Request failed with status code 429
2024-09-18 17:00:48 [ERROR]: Request failed with status code 429
2024-09-18 17:00:48 [ERROR]: Request failed with status code 429
2024-09-18 17:00:48 [ERROR]: Request failed with status code 429
2024-09-18 17:00:48 [ERROR]: Request failed with status code 429
2024-09-18 17:00:48 [ERROR]: Request failed with status code 429
2024-09-18 17:00:49 [ERROR]: Request failed with status code 429
2024-09-18 17:00:49 [ERROR]: Request failed with status code 429
2024-09-18 17:00:49 [ERROR]: Request failed with status code 429
2024-09-18 17:00:49 [ERROR]: Request failed with status code 429
2024-09-18 17:00:49 [ERROR]: Request failed with status code 429
2024-09-18 17:00:49 [ERROR]: Request failed with status code 429
2024-09-18 17:05:40 [ERROR]: Request failed with status code 429
2024-09-18 17:05:40 [ERROR]: Request failed with status code 429
2024-09-18 17:05:41 [ERROR]: Request failed with status code 429
2024-09-18 17:05:41 [ERROR]: Request failed with status code 429
2024-09-18 17:05:41 [ERROR]: Request failed with status code 429
2024-09-18 17:05:41 [ERROR]: Request failed with status code 429
2024-09-18 17:05:41 [ERROR]: Request failed with status code 429
2024-09-18 17:05:41 [ERROR]: Request failed with status code 429
2024-09-18 17:05:41 [ERROR]: Request failed with status code 429
2024-09-18 17:05:42 [ERROR]: Request failed with status code 429
2024-09-18 17:05:42 [ERROR]: Request failed with status code 429
2024-09-18 17:05:42 [ERROR]: Request failed with status code 429
2024-09-18 17:05:42 [ERROR]: Request failed with status code 429
2024-09-18 17:05:42 [ERROR]: Request failed with status code 429
2024-09-18 17:05:42 [ERROR]: Request failed with status code 429
2024-09-18 17:10:42 [ERROR]: Request failed with status code 429
2024-09-18 17:10:42 [ERROR]: Request failed with status code 429
2024-09-18 17:10:42 [ERROR]: Request failed with status code 429
2024-09-18 17:10:43 [ERROR]: Request failed with status code 429
2024-09-18 17:10:43 [ERROR]: Request failed with status code 429
2024-09-18 17:10:43 [ERROR]: Request failed with status code 429
2024-09-18 17:10:43 [ERROR]: Request failed with status code 429
2024-09-18 17:10:43 [ERROR]: Request failed with status code 429
2024-09-18 17:10:43 [ERROR]: Request failed with status code 429
2024-09-18 17:10:44 [ERROR]: Request failed with status code 429
2024-09-18 17:10:44 [ERROR]: Request failed with status code 429
2024-09-18 17:10:44 [ERROR]: Request failed with status code 429
2024-09-18 17:10:44 [ERROR]: Request failed with status code 429
2024-09-18 17:10:44 [ERROR]: Request failed with status code 429
2024-09-18 17:10:44 [ERROR]: Request failed with status code 429
2024-09-21 15:06:01 [ERROR]: Request failed with status code 429
2024-09-21 15:06:01 [ERROR]: Request failed with status code 429
2024-09-21 15:06:01 [ERROR]: Request failed with status code 429
2024-09-21 15:06:02 [ERROR]: Request failed with status code 429
2024-09-21 15:13:09 [ERROR]: Request failed with status code 429
2024-09-21 15:13:10 [ERROR]: Request failed with status code 429
2024-09-21 15:13:10 [ERROR]: Request failed with status code 429
2024-09-21 15:13:10 [ERROR]: Request failed with status code 429
2024-09-21 15:18:07 [ERROR]: Request failed with status code 429
2024-09-21 15:18:07 [ERROR]: Request failed with status code 429
2024-09-21 15:18:07 [ERROR]: Request failed with status code 429
2024-09-21 15:18:07 [ERROR]: Request failed with status code 429
2024-09-21 15:23:09 [ERROR]: Request failed with status code 429
2024-09-21 15:23:10 [ERROR]: Request failed with status code 429
2024-09-21 15:23:10 [ERROR]: Request failed with status code 429
2024-09-21 15:23:10 [ERROR]: Request failed with status code 429
2024-09-21 15:28:06 [ERROR]: Request failed with status code 429
2024-09-21 15:28:06 [ERROR]: Request failed with status code 429
2024-09-21 15:28:07 [ERROR]: Request failed with status code 429
2024-09-21 15:28:07 [ERROR]: Request failed with status code 429
2024-09-21 15:33:09 [ERROR]: Request failed with status code 429
2024-09-21 15:33:09 [ERROR]: Request failed with status code 429
2024-09-21 15:33:09 [ERROR]: Request failed with status code 429
2024-09-21 15:33:09 [ERROR]: Request failed with status code 429
2024-09-21 15:38:11 [ERROR]: Request failed with status code 429
2024-09-21 15:38:12 [ERROR]: Request failed with status code 429
2024-09-21 15:38:12 [ERROR]: Request failed with status code 429
2024-09-21 15:38:12 [ERROR]: Request failed with status code 429
2024-09-21 15:43:07 [ERROR]: Request failed with status code 429
2024-09-21 15:43:07 [ERROR]: Request failed with status code 429
2024-09-21 15:43:07 [ERROR]: Request failed with status code 429
2024-09-21 15:43:07 [ERROR]: Request failed with status code 429
2024-09-21 15:48:09 [ERROR]: Request failed with status code 429
2024-09-21 15:48:09 [ERROR]: Request failed with status code 429
2024-09-21 15:48:09 [ERROR]: Request failed with status code 429
2024-09-21 15:48:09 [ERROR]: Request failed with status code 429
2024-09-22 10:19:02 [ERROR]: Erro ao tentar reproduzir a música: [ERR_INVALID_ARG_TYPE] Expected undefined to be "string", received "undefined"
2024-09-22 10:23:13 [ERROR]: Erro ao tentar reproduzir a música: [ERR_INVALID_ARG_TYPE] Expected undefined to be "string", received "undefined"
2024-09-22 10:26:15 [ERROR]: Erro ao tentar reproduzir a música: [ERR_INVALID_ARG_TYPE] Expected undefined to be "string", received "undefined"
2024-09-22 10:32:26 [ERROR]: Erro ao tentar reproduzir a música: [ERR_INVALID_ARG_TYPE] Expected undefined to be "string", received "undefined"
2024-09-22 10:39:56 [ERROR]: Erro ao tentar reproduzir a música: [ERR_INVALID_ARG_TYPE] Expected undefined to be "string", received "undefined"
2024-09-22 10:42:02 [ERROR]: Erro ao tentar reproduzir a música: [ERR_INVALID_ARG_TYPE] Expected undefined to be "string", received "undefined"
2024-09-22 10:50:25 [ERROR]: Erro ao tentar reproduzir a música: [ERR_INVALID_ARG_TYPE] Expected undefined to be "string", received "undefined"
2024-09-22 10:55:41 [ERROR]: Erro ao tentar reproduzir a música: [ERR_INVALID_ARG_TYPE] Expected undefined to be "string", received "undefined"
2024-09-22 13:25:25 [ERROR]: Request failed with status code 429
2024-09-22 13:25:25 [ERROR]: Request failed with status code 429
2024-09-22 13:25:25 [ERROR]: Request failed with status code 429
2024-09-22 13:25:25 [ERROR]: Request failed with status code 429
2024-09-24 14:10:27 [ERROR]: Request failed with status code 429
2024-09-24 14:10:27 [ERROR]: Request failed with status code 429
2024-09-24 14:10:27 [ERROR]: Request failed with status code 429
2024-09-24 14:10:28 [ERROR]: Request failed with status code 429
2024-09-24 14:15:19 [ERROR]: Request failed with status code 429
2024-09-24 14:15:20 [ERROR]: Request failed with status code 429
2024-09-24 14:15:20 [ERROR]: Request failed with status code 429
2024-09-24 14:15:20 [ERROR]: Request failed with status code 429
2024-09-24 14:20:01 [ERROR]: AggregateError
2024-09-24 14:20:23 [ERROR]: Request failed with status code 429
2024-09-24 14:20:23 [ERROR]: Request failed with status code 429
2024-09-24 14:20:24 [ERROR]: Request failed with status code 429
2024-10-07 17:35:29 [ERROR]: Request failed with status code 429
2024-10-07 17:35:29 [ERROR]: Request failed with status code 429
2024-10-07 17:35:29 [ERROR]: Request failed with status code 429
2024-10-07 17:35:29 [ERROR]: Request failed with status code 429
2024-10-07 17:55:22 [ERROR]: Request failed with status code 429
2024-10-07 17:55:22 [ERROR]: Request failed with status code 429
2024-10-07 17:55:22 [ERROR]: Request failed with status code 429
2024-10-07 17:55:23 [ERROR]: Request failed with status code 429
2024-10-11 17:25:28 [ERROR]: Request failed with status code 429
2024-10-11 17:25:28 [ERROR]: Request failed with status code 429
2024-10-11 17:25:29 [ERROR]: Request failed with status code 429
2024-10-11 17:25:29 [ERROR]: Request failed with status code 429
2024-10-20 11:30:23 [ERROR]: Request failed with status code 429
2024-10-20 11:30:23 [ERROR]: Request failed with status code 429
2024-10-20 11:30:23 [ERROR]: Request failed with status code 429
2024-10-20 11:30:23 [ERROR]: Request failed with status code 429
2024-10-20 11:35:22 [ERROR]: Request failed with status code 429
2024-10-20 11:35:22 [ERROR]: Request failed with status code 429
2024-10-20 11:35:22 [ERROR]: Request failed with status code 429
2024-10-20 11:35:22 [ERROR]: Request failed with status code 429
2024-10-20 11:40:23 [ERROR]: Request failed with status code 429
2024-10-20 11:40:23 [ERROR]: Request failed with status code 429
2024-10-20 11:40:23 [ERROR]: Request failed with status code 429
2024-10-20 11:40:23 [ERROR]: Request failed with status code 429
2024-10-20 11:45:21 [ERROR]: Request failed with status code 429
2024-10-20 11:45:21 [ERROR]: Request failed with status code 429
2024-10-20 11:45:21 [ERROR]: Request failed with status code 429
2024-10-20 11:45:21 [ERROR]: Request failed with status code 429
2024-10-20 11:50:22 [ERROR]: Request failed with status code 429
2024-10-20 11:50:22 [ERROR]: Request failed with status code 429
2024-10-20 11:50:22 [ERROR]: Request failed with status code 429
2024-10-20 11:50:22 [ERROR]: Request failed with status code 429
2024-10-20 12:55:26 [ERROR]: Request failed with status code 429
2024-10-20 12:55:26 [ERROR]: Request failed with status code 429
2024-10-20 12:55:26 [ERROR]: Request failed with status code 429
2024-10-20 12:55:26 [ERROR]: Request failed with status code 429
2024-10-20 13:00:19 [ERROR]: Request failed with status code 429
2024-10-20 13:00:19 [ERROR]: Request failed with status code 429
2024-10-20 13:00:19 [ERROR]: Request failed with status code 429
2024-10-20 13:00:19 [ERROR]: Request failed with status code 429
2024-10-20 13:05:22 [ERROR]: Request failed with status code 429
2024-10-20 13:05:23 [ERROR]: Request failed with status code 429
2024-10-20 13:05:23 [ERROR]: Request failed with status code 429
2024-10-20 13:05:23 [ERROR]: Request failed with status code 429
2024-10-20 13:10:23 [ERROR]: Request failed with status code 429
2024-10-20 13:10:23 [ERROR]: Request failed with status code 429
2024-10-20 13:10:24 [ERROR]: Request failed with status code 429
2024-10-20 13:10:24 [ERROR]: Request failed with status code 429
2024-10-20 13:15:20 [ERROR]: Request failed with status code 429
2024-10-20 13:15:20 [ERROR]: Request failed with status code 429
2024-10-20 13:15:20 [ERROR]: Request failed with status code 429
2024-10-20 13:15:20 [ERROR]: Request failed with status code 429
2024-10-20 13:20:23 [ERROR]: Request failed with status code 429
2024-10-20 13:20:23 [ERROR]: Request failed with status code 429
2024-10-20 13:20:23 [ERROR]: Request failed with status code 429
2024-10-20 13:20:23 [ERROR]: Request failed with status code 429
2024-10-21 14:55:22 [ERROR]: Request failed with status code 429
2024-10-21 14:55:22 [ERROR]: Request failed with status code 429
2024-10-21 14:55:22 [ERROR]: Request failed with status code 429
2024-10-21 14:55:23 [ERROR]: Request failed with status code 429
2024-10-21 15:00:24 [ERROR]: Request failed with status code 429
2024-10-21 15:00:25 [ERROR]: Request failed with status code 429
2024-10-21 15:00:25 [ERROR]: Request failed with status code 429
2024-10-21 15:00:25 [ERROR]: Request failed with status code 429
2024-10-21 15:05:21 [ERROR]: Request failed with status code 429
2024-10-21 15:05:21 [ERROR]: Request failed with status code 429
2024-10-21 15:05:21 [ERROR]: Request failed with status code 429
2024-10-21 15:05:21 [ERROR]: Request failed with status code 429
2024-10-21 15:10:21 [ERROR]: Request failed with status code 429
2024-10-21 15:10:21 [ERROR]: Request failed with status code 429
2024-10-21 15:10:21 [ERROR]: Request failed with status code 429
2024-10-21 15:10:22 [ERROR]: Request failed with status code 429
2024-10-21 15:25:26 [ERROR]: Request failed with status code 429
2024-10-21 15:25:26 [ERROR]: Request failed with status code 429
2024-10-21 15:25:26 [ERROR]: Request failed with status code 429
2024-10-21 15:25:26 [ERROR]: Request failed with status code 429
2024-10-21 15:55:27 [ERROR]: Request failed with status code 429
2024-10-21 15:55:27 [ERROR]: Request failed with status code 429
2024-10-21 15:55:27 [ERROR]: Request failed with status code 429
2024-10-21 15:55:27 [ERROR]: Request failed with status code 429
2024-10-21 16:40:28 [ERROR]: Request failed with status code 429
2024-10-21 16:40:28 [ERROR]: Request failed with status code 429
2024-10-21 16:40:28 [ERROR]: Request failed with status code 429
2024-10-21 16:40:28 [ERROR]: Request failed with status code 429
2024-10-21 16:45:20 [ERROR]: Request failed with status code 429
2024-10-21 16:45:20 [ERROR]: Request failed with status code 429
2024-10-21 16:45:20 [ERROR]: Request failed with status code 429
2024-10-21 16:45:20 [ERROR]: Request failed with status code 429
2024-10-21 16:50:45 [ERROR]: Erro ao conectar ao MongoDB Invalid scheme, expected connection string to start with "mongodb://" or "mongodb+srv://"
2024-10-22 16:05:23 [ERROR]: Request failed with status code 429
2024-10-22 16:05:24 [ERROR]: Request failed with status code 429
2024-10-22 16:05:24 [ERROR]: Request failed with status code 429
2024-10-22 16:05:24 [ERROR]: Request failed with status code 429
2024-11-01 15:55:09 [ERROR]: Received one or more errors
2024-11-01 15:55:25 [ERROR]: Request failed with status code 429
2024-11-01 15:55:25 [ERROR]: Request failed with status code 429
2024-11-01 15:55:25 [ERROR]: Request failed with status code 429
2024-11-01 15:55:25 [ERROR]: Request failed with status code 429
2024-11-01 16:00:08 [ERROR]: Received one or more errors
2024-11-01 16:00:21 [ERROR]: Request failed with status code 429
2024-11-01 16:00:21 [ERROR]: Request failed with status code 429
2024-11-01 16:00:21 [ERROR]: Request failed with status code 429
2024-11-01 16:00:21 [ERROR]: Request failed with status code 429
2024-11-01 16:10:08 [ERROR]: Received one or more errors
2024-11-01 16:15:09 [ERROR]: Received one or more errors
2024-11-01 16:15:24 [ERROR]: Request failed with status code 429
2024-11-01 16:15:25 [ERROR]: Request failed with status code 429
2024-11-01 16:15:25 [ERROR]: Request failed with status code 429
2024-11-01 16:15:25 [ERROR]: Request failed with status code 429
2024-11-01 16:20:07 [ERROR]: Received one or more errors
2024-11-01 16:20:20 [ERROR]: Request failed with status code 429
2024-11-01 16:20:20 [ERROR]: Request failed with status code 429
2024-11-01 16:20:20 [ERROR]: Request failed with status code 429
2024-11-01 16:20:21 [ERROR]: Request failed with status code 429
2024-11-01 16:25:08 [ERROR]: Received one or more errors
2024-11-01 16:25:24 [ERROR]: Request failed with status code 429
2024-11-01 16:25:24 [ERROR]: Request failed with status code 429
2024-11-01 16:25:24 [ERROR]: Request failed with status code 429
2024-11-01 16:25:25 [ERROR]: Request failed with status code 429
2024-11-01 16:30:07 [ERROR]: Received one or more errors
2024-11-01 16:30:21 [ERROR]: Request failed with status code 429
2024-11-01 16:30:22 [ERROR]: Request failed with status code 429
2024-11-01 16:30:22 [ERROR]: Request failed with status code 429
2024-11-01 16:30:22 [ERROR]: Request failed with status code 429
2024-11-01 16:35:08 [ERROR]: Received one or more errors
2024-11-01 16:35:22 [ERROR]: Request failed with status code 429
2024-11-01 16:35:22 [ERROR]: Request failed with status code 429
2024-11-01 16:35:23 [ERROR]: Request failed with status code 429
2024-11-01 16:35:23 [ERROR]: Request failed with status code 429
2024-11-01 16:50:08 [ERROR]: Received one or more errors
2024-11-01 16:50:23 [ERROR]: Request failed with status code 429
2024-11-01 16:50:23 [ERROR]: Request failed with status code 429
2024-11-01 16:50:23 [ERROR]: Request failed with status code 429
2024-11-01 16:50:23 [ERROR]: Request failed with status code 429
2024-11-01 16:55:07 [ERROR]: Received one or more errors
2024-11-01 16:55:21 [ERROR]: Request failed with status code 429
2024-11-01 16:55:21 [ERROR]: Request failed with status code 429
2024-11-01 16:55:21 [ERROR]: Request failed with status code 429
2024-11-01 16:55:21 [ERROR]: Request failed with status code 429
2024-11-01 17:00:08 [ERROR]: Received one or more errors
2024-11-01 17:00:25 [ERROR]: Request failed with status code 429
2024-11-01 17:00:25 [ERROR]: Request failed with status code 429
2024-11-01 17:00:25 [ERROR]: Request failed with status code 429
2024-11-01 17:00:25 [ERROR]: Request failed with status code 429
2024-11-01 17:05:23 [ERROR]: getaddrinfo ENOTFOUND decapi.me
2024-11-01 17:05:47 [ERROR]: getaddrinfo ENOTFOUND decapi.me
2024-11-01 17:06:12 [ERROR]: getaddrinfo ENOTFOUND decapi.me
2024-11-01 17:06:36 [ERROR]: getaddrinfo ENOTFOUND decapi.me
2024-11-01 17:07:00 [ERROR]: getaddrinfo ENOTFOUND decapi.me
2024-11-01 17:07:00 [ERROR]: Erro ao buscar membros: Members didn't arrive in time.
2024-11-01 17:07:24 [ERROR]: getaddrinfo ENOTFOUND decapi.me
2024-11-01 17:07:48 [ERROR]: getaddrinfo ENOTFOUND decapi.me
2024-11-01 17:08:00 [ERROR]: Erro ao buscar membros: Members didn't arrive in time.
2024-11-01 17:08:12 [ERROR]: getaddrinfo ENOTFOUND decapi.me
2024-11-01 17:08:36 [ERROR]: getaddrinfo ENOTFOUND decapi.me
2024-11-01 17:09:00 [ERROR]: Erro ao buscar membros: Members didn't arrive in time.
2024-11-01 17:09:00 [ERROR]: getaddrinfo ENOTFOUND decapi.me
2024-11-01 17:09:24 [ERROR]: getaddrinfo ENOTFOUND decapi.me
2024-11-01 17:09:49 [ERROR]: getaddrinfo ENOTFOUND decapi.me
2024-11-01 17:10:00 [ERROR]: Erro ao buscar membros: Members didn't arrive in time.
2024-11-01 17:10:13 [ERROR]: getaddrinfo ENOTFOUND decapi.me
2024-11-01 17:10:25 [ERROR]: getaddrinfo ENOTFOUND decapi.me
2024-11-01 17:10:49 [ERROR]: getaddrinfo ENOTFOUND decapi.me
2024-11-01 17:11:01 [ERROR]: getaddrinfo ENOTFOUND decapi.me
2024-11-01 17:11:25 [ERROR]: getaddrinfo ENOTFOUND decapi.me
2024-11-01 17:11:37 [ERROR]: getaddrinfo ENOTFOUND decapi.me
2024-11-01 17:12:00 [ERROR]: Erro ao buscar membros: Members didn't arrive in time.
2024-11-01 17:12:01 [ERROR]: getaddrinfo ENOTFOUND decapi.me
2024-11-01 17:12:13 [ERROR]: getaddrinfo ENOTFOUND decapi.me
2024-11-01 17:12:37 [ERROR]: getaddrinfo ENOTFOUND decapi.me
2024-11-01 17:12:49 [ERROR]: getaddrinfo ENOTFOUND decapi.me
2024-11-01 17:13:00 [ERROR]: Erro ao buscar membros: Members didn't arrive in time.
2024-11-01 17:13:13 [ERROR]: getaddrinfo ENOTFOUND decapi.me
2024-11-01 17:13:26 [ERROR]: getaddrinfo ENOTFOUND decapi.me
2024-11-01 17:13:50 [ERROR]: getaddrinfo ENOTFOUND decapi.me
2024-11-01 17:14:00 [ERROR]: Erro ao buscar membros: Members didn't arrive in time.
2024-11-01 17:14:02 [ERROR]: getaddrinfo ENOTFOUND decapi.me
2024-11-01 17:14:26 [ERROR]: getaddrinfo ENOTFOUND decapi.me
2024-11-01 17:14:38 [ERROR]: getaddrinfo ENOTFOUND decapi.me
2024-11-01 17:15:00 [ERROR]: Erro ao buscar membros: Members didn't arrive in time.
2024-11-01 17:15:02 [ERROR]: getaddrinfo ENOTFOUND decapi.me
2024-11-01 17:15:14 [ERROR]: getaddrinfo ENOTFOUND decapi.me
2024-11-01 17:15:38 [ERROR]: getaddrinfo ENOTFOUND decapi.me
2024-11-01 17:15:38 [ERROR]: getaddrinfo ENOTFOUND decapi.me
2024-11-01 17:15:50 [ERROR]: getaddrinfo ENOTFOUND decapi.me
2024-11-01 17:16:00 [ERROR]: Erro ao buscar membros: Members didn't arrive in time.
2024-11-01 17:16:26 [ERROR]: getaddrinfo ENOTFOUND decapi.me
2024-11-01 17:16:26 [ERROR]: getaddrinfo ENOTFOUND decapi.me
2024-11-01 17:16:38 [ERROR]: getaddrinfo ENOTFOUND decapi.me
2024-11-01 17:17:00 [ERROR]: Erro ao buscar membros: Members didn't arrive in time.
2024-11-01 17:17:02 [ERROR]: getaddrinfo ENOTFOUND decapi.me
2024-11-01 17:17:14 [ERROR]: getaddrinfo ENOTFOUND decapi.me
2024-11-01 17:17:26 [ERROR]: getaddrinfo ENOTFOUND decapi.me
2024-11-01 17:17:50 [ERROR]: getaddrinfo ENOTFOUND decapi.me
2024-11-01 17:18:00 [ERROR]: Erro ao buscar membros: Members didn't arrive in time.
2024-11-01 17:18:02 [ERROR]: getaddrinfo ENOTFOUND decapi.me
2024-11-01 17:18:15 [ERROR]: getaddrinfo ENOTFOUND decapi.me
2024-11-01 17:18:39 [ERROR]: getaddrinfo ENOTFOUND decapi.me
2024-11-01 17:18:51 [ERROR]: getaddrinfo ENOTFOUND decapi.me
2024-11-01 17:19:00 [ERROR]: Erro ao buscar membros: Members didn't arrive in time.
2024-11-01 17:19:03 [ERROR]: getaddrinfo ENOTFOUND decapi.me
2024-11-01 17:19:27 [ERROR]: getaddrinfo ENOTFOUND decapi.me
2024-11-01 17:19:39 [ERROR]: getaddrinfo ENOTFOUND decapi.me
2024-11-01 17:19:51 [ERROR]: getaddrinfo ENOTFOUND decapi.me
2024-11-01 17:20:00 [ERROR]: Erro ao buscar membros: Members didn't arrive in time.
2024-11-01 17:20:15 [ERROR]: getaddrinfo ENOTFOUND decapi.me
2024-11-01 17:20:39 [ERROR]: getaddrinfo ENOTFOUND decapi.me
2024-11-01 17:20:39 [ERROR]: getaddrinfo ENOTFOUND decapi.me
2024-11-01 17:21:00 [ERROR]: Erro ao buscar membros: Members didn't arrive in time.
2024-11-01 17:22:00 [ERROR]: Erro ao buscar membros: Members didn't arrive in time.
2024-11-01 17:23:00 [ERROR]: Erro ao buscar membros: Members didn't arrive in time.
2024-11-01 17:23:04 [ERROR]: getaddrinfo ENOTFOUND decapi.me
2024-11-01 17:23:16 [ERROR]: getaddrinfo ENOTFOUND decapi.me
2024-11-01 17:23:40 [ERROR]: getaddrinfo ENOTFOUND decapi.me
2024-11-01 17:23:52 [ERROR]: getaddrinfo ENOTFOUND decapi.me
2024-11-01 17:24:00 [ERROR]: Erro ao buscar membros: Members didn't arrive in time.
2024-11-01 17:25:00 [ERROR]: Erro ao buscar membros: Members didn't arrive in time.
2024-11-01 17:26:00 [ERROR]: Erro ao buscar membros: Members didn't arrive in time.
2024-11-01 17:27:00 [ERROR]: Erro ao buscar membros: Members didn't arrive in time.
2024-11-01 17:27:05 [ERROR]: getaddrinfo ENOTFOUND decapi.me
2024-11-01 17:27:41 [ERROR]: getaddrinfo ENOTFOUND decapi.me
2024-11-01 17:27:53 [ERROR]: getaddrinfo ENOTFOUND decapi.me
2024-11-01 17:28:00 [ERROR]: Erro ao buscar membros: Members didn't arrive in time.
2024-11-01 17:29:00 [ERROR]: Erro ao buscar membros: Members didn't arrive in time.
2024-11-01 17:29:29 [ERROR]: getaddrinfo ENOTFOUND decapi.me
2024-11-01 17:30:00 [ERROR]: Erro ao buscar membros: Members didn't arrive in time.
2024-11-01 17:31:00 [ERROR]: Erro ao buscar membros: Members didn't arrive in time.
2024-11-01 17:32:00 [ERROR]: Erro ao buscar membros: Members didn't arrive in time.
2024-11-01 17:32:18 [ERROR]: getaddrinfo ENOTFOUND decapi.me
2024-11-01 17:32:42 [ERROR]: getaddrinfo ENOTFOUND decapi.me
2024-11-01 17:32:54 [ERROR]: getaddrinfo ENOTFOUND decapi.me
2024-11-01 17:33:00 [ERROR]: Erro ao buscar membros: Members didn't arrive in time.
2024-11-01 17:34:00 [ERROR]: Erro ao buscar membros: Members didn't arrive in time.
2024-11-01 17:34:06 [ERROR]: getaddrinfo ENOTFOUND decapi.me
2024-11-01 17:34:30 [ERROR]: getaddrinfo ENOTFOUND decapi.me
2024-11-01 17:35:00 [ERROR]: Erro ao buscar membros: Members didn't arrive in time.
2024-11-01 17:36:00 [ERROR]: Erro ao buscar membros: Members didn't arrive in time.
2024-11-01 17:36:07 [ERROR]: getaddrinfo ENOTFOUND decapi.me
2024-11-01 17:36:31 [ERROR]: getaddrinfo ENOTFOUND decapi.me
2024-11-01 17:36:43 [ERROR]: getaddrinfo ENOTFOUND decapi.me
2024-11-01 17:37:00 [ERROR]: Erro ao buscar membros: Members didn't arrive in time.
2024-11-01 17:37:31 [ERROR]: getaddrinfo ENOTFOUND decapi.me
2024-11-01 17:37:55 [ERROR]: getaddrinfo ENOTFOUND decapi.me
2024-11-01 17:38:00 [ERROR]: Erro ao buscar membros: Members didn't arrive in time.
2024-11-01 17:38:31 [ERROR]: getaddrinfo ENOTFOUND decapi.me
2024-11-01 17:39:00 [ERROR]: Erro ao buscar membros: Members didn't arrive in time.
2024-11-01 17:39:07 [ERROR]: getaddrinfo ENOTFOUND decapi.me
2024-11-01 17:39:31 [ERROR]: getaddrinfo ENOTFOUND decapi.me
2024-11-01 17:39:44 [ERROR]: getaddrinfo ENOTFOUND decapi.me
2024-11-01 17:40:00 [ERROR]: Erro ao buscar membros: Members didn't arrive in time.
2024-11-01 17:40:20 [ERROR]: getaddrinfo ENOTFOUND decapi.me
2024-11-01 17:40:44 [ERROR]: getaddrinfo ENOTFOUND decapi.me
2024-11-01 17:41:00 [ERROR]: Erro ao buscar membros: Members didn't arrive in time.
2024-11-01 17:41:20 [ERROR]: getaddrinfo ENOTFOUND decapi.me
2024-11-01 17:41:44 [ERROR]: getaddrinfo ENOTFOUND decapi.me
2024-11-01 17:42:00 [ERROR]: Erro ao buscar membros: Members didn't arrive in time.
2024-11-01 17:42:08 [ERROR]: getaddrinfo ENOTFOUND decapi.me
2024-11-01 17:42:20 [ERROR]: getaddrinfo ENOTFOUND decapi.me
2024-11-01 17:43:00 [ERROR]: Erro ao buscar membros: Members didn't arrive in time.
2024-11-01 17:44:00 [ERROR]: Erro ao buscar membros: Members didn't arrive in time.
2024-11-01 17:44:31 [ERROR]: getaddrinfo ENOTFOUND decapi.me
2024-11-01 17:44:42 [ERROR]: getaddrinfo ENOTFOUND decapi.me
2024-11-01 17:45:00 [ERROR]: Erro ao buscar membros: Members didn't arrive in time.
2024-11-01 17:45:04 [ERROR]: getaddrinfo ENOTFOUND decapi.me
2024-11-01 17:45:26 [ERROR]: getaddrinfo ENOTFOUND decapi.me
2024-11-01 17:45:48 [ERROR]: getaddrinfo ENOTFOUND decapi.me
2024-11-01 17:46:00 [ERROR]: Erro ao buscar membros: Members didn't arrive in time.
2024-11-01 17:46:10 [ERROR]: getaddrinfo ENOTFOUND decapi.me
2024-11-01 17:46:21 [ERROR]: getaddrinfo ENOTFOUND decapi.me
2024-11-01 17:47:00 [ERROR]: Erro ao buscar membros: Members didn't arrive in time.
2024-11-01 17:48:00 [ERROR]: Erro ao buscar membros: Members didn't arrive in time.
2024-11-01 17:49:00 [ERROR]: Erro ao buscar membros: Members didn't arrive in time.
2024-11-01 17:49:30 [ERROR]: getaddrinfo ENOTFOUND decapi.me
2024-11-01 17:49:52 [ERROR]: getaddrinfo ENOTFOUND decapi.me
2024-11-01 17:50:00 [ERROR]: Erro ao buscar membros: Members didn't arrive in time.
2024-11-01 17:50:03 [ERROR]: getaddrinfo ENOTFOUND decapi.me
2024-11-01 17:50:14 [ERROR]: getaddrinfo ENOTFOUND decapi.me
2024-11-01 17:50:25 [ERROR]: getaddrinfo ENOTFOUND decapi.me
2024-11-01 17:50:47 [ERROR]: getaddrinfo ENOTFOUND decapi.me
2024-11-01 17:51:00 [ERROR]: Erro ao buscar membros: Members didn't arrive in time.
2024-11-01 17:51:09 [ERROR]: getaddrinfo ENOTFOUND decapi.me
2024-11-01 17:51:20 [ERROR]: getaddrinfo ENOTFOUND decapi.me
2024-11-01 17:52:00 [ERROR]: Erro ao buscar membros: Members didn't arrive in time.
2024-11-01 17:53:00 [ERROR]: Erro ao buscar membros: Members didn't arrive in time.
2024-11-01 17:54:00 [ERROR]: Erro ao buscar membros: Members didn't arrive in time.
2024-11-01 17:55:00 [ERROR]: Erro ao buscar membros: Members didn't arrive in time.
2024-11-01 17:55:02 [ERROR]: getaddrinfo ENOTFOUND decapi.me
2024-11-01 17:55:24 [ERROR]: getaddrinfo ENOTFOUND decapi.me
2024-11-01 17:55:35 [ERROR]: getaddrinfo ENOTFOUND decapi.me
2024-11-01 17:55:46 [ERROR]: getaddrinfo ENOTFOUND decapi.me
2024-11-01 17:55:57 [ERROR]: getaddrinfo ENOTFOUND decapi.me
2024-11-01 17:56:00 [ERROR]: Erro ao buscar membros: Members didn't arrive in time.
2024-11-01 17:56:08 [ERROR]: getaddrinfo ENOTFOUND decapi.me
2024-11-01 17:56:30 [ERROR]: getaddrinfo ENOTFOUND decapi.me
2024-11-01 17:56:52 [ERROR]: getaddrinfo ENOTFOUND decapi.me
2024-11-01 17:57:00 [ERROR]: Erro ao buscar membros: Members didn't arrive in time.
2024-11-01 17:57:04 [ERROR]: getaddrinfo ENOTFOUND decapi.me
2024-11-01 17:58:00 [ERROR]: Erro ao buscar membros: Members didn't arrive in time.
2024-11-01 17:59:00 [ERROR]: Erro ao buscar membros: Members didn't arrive in time.
2024-11-01 17:59:16 [ERROR]: getaddrinfo ENOTFOUND decapi.me
2024-11-01 17:59:16 [ERROR]: getaddrinfo ENOTFOUND decapi.me
2024-11-01 17:59:38 [ERROR]: getaddrinfo ENOTFOUND decapi.me
2024-11-01 17:59:38 [ERROR]: getaddrinfo ENOTFOUND decapi.me
2024-11-01 18:00:00 [ERROR]: Erro ao buscar membros: Members didn't arrive in time.
2024-11-01 18:00:01 [ERROR]: getaddrinfo ENOTFOUND decapi.me
2024-11-01 18:00:12 [ERROR]: getaddrinfo ENOTFOUND decapi.me
2024-11-01 18:00:23 [ERROR]: getaddrinfo ENOTFOUND decapi.me
2024-11-01 18:00:45 [ERROR]: getaddrinfo ENOTFOUND decapi.me
2024-11-01 18:00:56 [ERROR]: getaddrinfo ENOTFOUND decapi.me
2024-11-01 18:01:00 [ERROR]: Erro ao buscar membros: Members didn't arrive in time.
2024-11-01 18:01:18 [ERROR]: getaddrinfo ENOTFOUND decapi.me
2024-11-01 18:02:00 [ERROR]: Erro ao buscar membros: Members didn't arrive in time.
2024-11-01 18:02:36 [ERROR]: getaddrinfo ENOTFOUND decapi.me
2024-11-01 18:02:36 [ERROR]: getaddrinfo ENOTFOUND decapi.me
2024-11-01 18:03:00 [ERROR]: Erro ao buscar membros: Members didn't arrive in time.
2024-11-01 18:03:09 [ERROR]: getaddrinfo ENOTFOUND decapi.me
2024-11-01 18:03:09 [ERROR]: getaddrinfo ENOTFOUND decapi.me
2024-11-01 18:04:00 [ERROR]: Erro ao buscar membros: Members didn't arrive in time.
2024-11-01 18:04:37 [ERROR]: getaddrinfo ENOTFOUND decapi.me
2024-11-01 18:04:37 [ERROR]: getaddrinfo ENOTFOUND decapi.me
2024-11-01 18:04:48 [ERROR]: getaddrinfo ENOTFOUND decapi.me
2024-11-01 18:05:00 [ERROR]: Erro ao buscar membros: Members didn't arrive in time.
2024-11-01 18:05:11 [ERROR]: getaddrinfo ENOTFOUND decapi.me
2024-11-01 18:05:22 [ERROR]: getaddrinfo ENOTFOUND decapi.me
2024-11-01 18:05:22 [ERROR]: getaddrinfo ENOTFOUND decapi.me
2024-11-01 18:05:44 [ERROR]: getaddrinfo ENOTFOUND decapi.me
2024-11-01 18:06:00 [ERROR]: Erro ao buscar membros: Members didn't arrive in time.
2024-11-01 18:06:39 [ERROR]: getaddrinfo ENOTFOUND decapi.me
2024-11-01 18:06:39 [ERROR]: getaddrinfo ENOTFOUND decapi.me
2024-11-01 18:07:00 [ERROR]: Erro ao buscar membros: Members didn't arrive in time.
2024-11-01 18:07:12 [ERROR]: getaddrinfo ENOTFOUND decapi.me
2024-11-01 18:07:12 [ERROR]: getaddrinfo ENOTFOUND decapi.me
2024-11-01 18:08:00 [ERROR]: Erro ao buscar membros: Members didn't arrive in time.
2024-11-01 18:09:00 [ERROR]: Erro ao buscar membros: Members didn't arrive in time.
2024-11-01 18:10:00 [ERROR]: Erro ao buscar membros: Members didn't arrive in time.
2024-11-01 18:10:09 [ERROR]: getaddrinfo ENOTFOUND decapi.me
2024-11-01 18:10:21 [ERROR]: getaddrinfo ENOTFOUND decapi.me
2024-11-01 18:10:21 [ERROR]: getaddrinfo ENOTFOUND decapi.me
2024-11-01 18:10:43 [ERROR]: getaddrinfo ENOTFOUND decapi.me
2024-11-01 18:10:54 [ERROR]: getaddrinfo ENOTFOUND decapi.me
2024-11-01 18:11:00 [ERROR]: Erro ao buscar membros: Members didn't arrive in time.
2024-11-01 18:11:05 [ERROR]: getaddrinfo ENOTFOUND decapi.me
2024-11-01 18:11:05 [ERROR]: getaddrinfo ENOTFOUND decapi.me
2024-11-01 18:11:27 [ERROR]: getaddrinfo ENOTFOUND decapi.me
2024-11-01 18:12:00 [ERROR]: Erro ao buscar membros: Members didn't arrive in time.
2024-11-01 18:12:11 [ERROR]: getaddrinfo ENOTFOUND decapi.me
2024-11-01 18:12:11 [ERROR]: getaddrinfo ENOTFOUND decapi.me
2024-11-01 18:12:33 [ERROR]: getaddrinfo ENOTFOUND decapi.me
2024-11-01 18:12:44 [ERROR]: getaddrinfo ENOTFOUND decapi.me
2024-11-01 18:13:00 [ERROR]: Erro ao buscar membros: Members didn't arrive in time.
2024-11-01 18:14:00 [ERROR]: Erro ao buscar membros: Members didn't arrive in time.
2024-11-01 18:15:00 [ERROR]: Erro ao buscar membros: Members didn't arrive in time.
2024-11-01 18:16:00 [ERROR]: Erro ao buscar membros: Members didn't arrive in time.
2024-11-01 18:16:20 [ERROR]: Request failed with status code 429
2024-11-01 18:16:20 [ERROR]: Request failed with status code 429
2024-11-01 18:16:20 [ERROR]: Request failed with status code 429
2024-11-01 18:16:20 [ERROR]: Request failed with status code 429
2024-11-01 18:16:20 [ERROR]: Request failed with status code 429
2024-11-01 18:16:20 [ERROR]: Request failed with status code 429
2024-11-01 18:16:20 [ERROR]: Request failed with status code 429
2024-11-01 18:16:20 [ERROR]: Request failed with status code 429
2024-11-01 18:16:20 [ERROR]: Request failed with status code 429
2024-11-01 18:16:20 [ERROR]: Request failed with status code 429
2024-11-01 18:16:20 [ERROR]: Request failed with status code 429
2024-11-01 18:16:20 [ERROR]: Request failed with status code 429
2024-11-01 18:16:20 [ERROR]: Request failed with status code 429
2024-11-01 18:16:20 [ERROR]: Request failed with status code 429
2024-11-01 18:16:20 [ERROR]: Request failed with status code 429
2024-11-01 18:16:20 [ERROR]: Request failed with status code 429
2024-11-01 18:16:20 [ERROR]: Request failed with status code 429
2024-11-01 18:16:20 [ERROR]: Request failed with status code 429
2024-11-01 18:16:20 [ERROR]: Request failed with status code 429
2024-11-01 18:16:20 [ERROR]: Request failed with status code 429
2024-11-01 18:16:20 [ERROR]: Request failed with status code 429
2024-11-01 18:16:20 [ERROR]: Request failed with status code 429
2024-11-01 18:16:20 [ERROR]: Request failed with status code 429
2024-11-01 18:16:20 [ERROR]: Request failed with status code 429
2024-11-01 18:16:20 [ERROR]: Request failed with status code 429
2024-11-01 18:16:20 [ERROR]: Request failed with status code 429
2024-11-01 18:16:21 [ERROR]: Request failed with status code 429
2024-11-01 18:16:21 [ERROR]: Request failed with status code 429
2024-11-01 18:16:21 [ERROR]: Request failed with status code 429
2024-11-01 18:16:21 [ERROR]: Request failed with status code 429
2024-11-01 18:16:21 [ERROR]: Request failed with status code 429
2024-11-01 18:16:21 [ERROR]: Request failed with status code 429
2024-11-01 18:16:21 [ERROR]: Request failed with status code 429
2024-11-01 18:16:21 [ERROR]: Request failed with status code 429
2024-11-01 18:16:21 [ERROR]: Request failed with status code 429
2024-11-01 18:16:21 [ERROR]: Request failed with status code 429
2024-11-01 18:16:21 [ERROR]: Request failed with status code 429
2024-11-01 18:16:21 [ERROR]: Request failed with status code 429
2024-11-01 18:16:21 [ERROR]: Request failed with status code 429
2024-11-01 18:16:21 [ERROR]: Request failed with status code 429
2024-11-01 18:16:21 [ERROR]: Request failed with status code 429
2024-11-01 18:16:21 [ERROR]: Request failed with status code 429
2024-11-01 18:16:22 [ERROR]: Request failed with status code 429
2024-11-01 18:16:22 [ERROR]: Request failed with status code 429
2024-11-01 18:16:22 [ERROR]: Request failed with status code 429
2024-11-01 18:16:22 [ERROR]: Request failed with status code 429
2024-11-01 18:16:22 [ERROR]: Request failed with status code 429
2024-11-01 18:16:22 [ERROR]: Request failed with status code 429
2024-11-01 18:16:22 [ERROR]: Request failed with status code 429
2024-11-01 18:16:22 [ERROR]: Request failed with status code 429
2024-11-01 18:16:22 [ERROR]: Request failed with status code 429
2024-11-01 18:16:22 [ERROR]: Request failed with status code 429
2024-11-01 18:16:22 [ERROR]: Request failed with status code 429
2024-11-01 18:16:22 [ERROR]: Request failed with status code 429
2024-11-01 18:16:22 [ERROR]: Request failed with status code 429
2024-11-01 18:16:22 [ERROR]: Request failed with status code 429
2024-11-01 18:16:22 [ERROR]: Request failed with status code 429
2024-11-01 18:16:22 [ERROR]: Request failed with status code 429
2024-11-01 18:16:22 [ERROR]: Request failed with status code 429
2024-11-01 18:16:22 [ERROR]: Request failed with status code 429
2024-11-01 18:16:22 [ERROR]: Request failed with status code 429
2024-11-01 18:16:22 [ERROR]: Request failed with status code 429
2024-11-01 18:16:22 [ERROR]: Request failed with status code 429
2024-11-01 18:16:22 [ERROR]: Request failed with status code 429
2024-11-01 18:16:22 [ERROR]: Request failed with status code 429
2024-11-01 18:16:22 [ERROR]: Request failed with status code 429
2024-11-01 18:16:22 [ERROR]: Request failed with status code 429
2024-11-01 18:16:22 [ERROR]: Request failed with status code 429
2024-11-01 18:16:22 [ERROR]: Request failed with status code 429
2024-11-01 18:16:22 [ERROR]: Request failed with status code 429
2024-11-01 18:16:22 [ERROR]: Request failed with status code 429
2024-11-01 18:16:22 [ERROR]: Request failed with status code 429
2024-11-01 18:16:22 [ERROR]: Request failed with status code 429
2024-11-01 18:16:22 [ERROR]: Request failed with status code 429
2024-11-01 18:16:22 [ERROR]: Request failed with status code 429
2024-11-01 18:16:22 [ERROR]: Request failed with status code 429
2024-11-01 18:16:22 [ERROR]: Request failed with status code 429
2024-11-01 18:16:22 [ERROR]: Request failed with status code 429
2024-11-01 18:16:22 [ERROR]: Request failed with status code 429
2024-11-01 18:16:22 [ERROR]: Request failed with status code 429
2024-11-01 18:16:22 [ERROR]: Request failed with status code 429
2024-11-01 18:16:22 [ERROR]: Request failed with status code 429
2024-11-01 18:16:22 [ERROR]: Request failed with status code 429
2024-11-01 18:16:22 [ERROR]: Request failed with status code 429
2024-11-01 18:16:22 [ERROR]: Request failed with status code 429
2024-11-01 18:16:22 [ERROR]: Request failed with status code 429
2024-11-01 18:16:22 [ERROR]: Request failed with status code 429
2024-11-01 18:16:22 [ERROR]: Request failed with status code 429
2024-11-01 18:16:23 [ERROR]: Request failed with status code 429
2024-11-01 18:16:23 [ERROR]: Request failed with status code 429
2024-11-01 18:16:23 [ERROR]: Request failed with status code 429
2024-11-01 18:16:23 [ERROR]: Request failed with status code 429
2024-11-01 18:16:23 [ERROR]: Request failed with status code 429
2024-11-01 18:16:23 [ERROR]: Request failed with status code 429
2024-11-01 18:16:23 [ERROR]: Request failed with status code 429
2024-11-01 18:16:23 [ERROR]: Request failed with status code 429
2024-11-01 18:16:23 [ERROR]: Request failed with status code 429
2024-11-01 18:16:23 [ERROR]: Request failed with status code 429
2024-11-01 18:16:23 [ERROR]: Request failed with status code 429
2024-11-01 18:16:23 [ERROR]: Request failed with status code 429
2024-11-01 18:16:23 [ERROR]: Request failed with status code 429
2024-11-01 18:16:24 [ERROR]: Request failed with status code 429
2024-11-01 18:16:24 [ERROR]: Request failed with status code 429
2024-11-01 18:16:24 [ERROR]: Request failed with status code 429
2024-11-01 18:16:24 [ERROR]: Request failed with status code 429
2024-11-01 18:16:24 [ERROR]: Request failed with status code 429
2024-11-01 18:16:24 [ERROR]: Request failed with status code 429
2024-11-01 18:16:24 [ERROR]: Request failed with status code 429
2024-11-01 18:16:24 [ERROR]: Request failed with status code 429
2024-11-01 18:16:24 [ERROR]: Request failed with status code 429
2024-11-01 18:16:24 [ERROR]: Request failed with status code 429
2024-11-01 18:16:24 [ERROR]: Request failed with status code 429
2024-11-01 18:16:24 [ERROR]: Request failed with status code 429
2024-11-01 18:16:24 [ERROR]: Request failed with status code 429
2024-11-01 18:16:24 [ERROR]: Request failed with status code 429
2024-11-01 18:16:24 [ERROR]: Request failed with status code 429
2024-11-01 18:16:24 [ERROR]: Request failed with status code 429
2024-11-01 18:16:24 [ERROR]: Request failed with status code 429
2024-11-01 18:16:24 [ERROR]: Request failed with status code 429
2024-11-01 18:16:24 [ERROR]: Request failed with status code 429
2024-11-01 18:16:24 [ERROR]: Request failed with status code 429
2024-11-01 18:16:24 [ERROR]: Request failed with status code 429
2024-11-01 18:16:25 [ERROR]: Request failed with status code 429
2024-11-01 18:16:25 [ERROR]: Request failed with status code 429
2024-11-01 18:16:25 [ERROR]: Request failed with status code 429
2024-11-01 18:16:25 [ERROR]: Request failed with status code 429
2024-11-01 18:16:25 [ERROR]: Request failed with status code 429
2024-11-01 18:16:25 [ERROR]: Request failed with status code 429
2024-11-01 18:16:25 [ERROR]: Request failed with status code 429
2024-11-01 18:16:25 [ERROR]: Request failed with status code 429
2024-11-01 18:16:25 [ERROR]: Request failed with status code 429
2024-11-01 18:16:25 [ERROR]: Request failed with status code 429
2024-11-01 18:16:25 [ERROR]: Request failed with status code 429
2024-11-01 18:16:25 [ERROR]: Request failed with status code 429
2024-11-01 18:16:25 [ERROR]: Request failed with status code 429
2024-11-01 18:16:25 [ERROR]: Request failed with status code 429
2024-11-01 18:16:25 [ERROR]: Request failed with status code 429
2024-11-01 18:16:25 [ERROR]: Request failed with status code 429
2024-11-01 18:16:25 [ERROR]: Request failed with status code 429
2024-11-01 18:16:25 [ERROR]: Request failed with status code 429
2024-11-01 18:16:25 [ERROR]: Request failed with status code 429
2024-11-01 18:16:25 [ERROR]: Request failed with status code 429
2024-11-01 18:16:25 [ERROR]: Request failed with status code 429
2024-11-01 18:16:25 [ERROR]: Request failed with status code 429
2024-11-01 18:16:25 [ERROR]: Request failed with status code 429
2024-11-01 18:16:25 [ERROR]: Request failed with status code 429
2024-11-01 18:16:25 [ERROR]: Request failed with status code 429
2024-11-01 18:16:25 [ERROR]: Request failed with status code 429
2024-11-01 18:16:25 [ERROR]: Request failed with status code 429
2024-11-01 18:16:25 [ERROR]: Request failed with status code 429
2024-11-01 18:16:25 [ERROR]: Request failed with status code 429
2024-11-01 18:16:25 [ERROR]: Request failed with status code 429
2024-11-01 18:16:25 [ERROR]: Request failed with status code 429
2024-11-01 18:16:25 [ERROR]: Request failed with status code 429
2024-11-01 18:16:25 [ERROR]: Request failed with status code 429
2024-11-01 18:16:25 [ERROR]: Request failed with status code 429
2024-11-01 18:16:25 [ERROR]: Request failed with status code 429
2024-11-01 18:16:25 [ERROR]: Request failed with status code 429
2024-11-01 18:16:25 [ERROR]: Request failed with status code 429
2024-11-01 18:16:25 [ERROR]: Request failed with status code 429
2024-11-01 18:16:25 [ERROR]: Request failed with status code 429
2024-11-01 18:16:26 [ERROR]: Request failed with status code 429
2024-11-01 18:16:26 [ERROR]: Request failed with status code 429
2024-11-01 18:16:26 [ERROR]: Request failed with status code 429
2024-11-01 18:16:26 [ERROR]: Request failed with status code 429
2024-11-01 18:16:26 [ERROR]: Request failed with status code 429
2024-11-01 18:16:26 [ERROR]: Request failed with status code 429
2024-11-01 18:16:26 [ERROR]: Request failed with status code 429
2024-11-01 18:16:26 [ERROR]: Request failed with status code 429
2024-11-01 18:16:26 [ERROR]: Request failed with status code 429
2024-11-01 18:16:26 [ERROR]: Request failed with status code 429
2024-11-01 18:16:26 [ERROR]: Request failed with status code 429
2024-11-01 18:16:26 [ERROR]: Request failed with status code 429
2024-11-01 18:16:26 [ERROR]: Request failed with status code 429
2024-11-01 18:16:26 [ERROR]: Request failed with status code 429
2024-11-01 18:16:26 [ERROR]: Request failed with status code 429
2024-11-01 18:16:26 [ERROR]: Request failed with status code 429
2024-11-01 18:16:26 [ERROR]: Request failed with status code 429
2024-11-01 18:16:26 [ERROR]: Request failed with status code 429
2024-11-01 18:16:26 [ERROR]: Request failed with status code 429
2024-11-01 18:16:26 [ERROR]: Request failed with status code 429
2024-11-01 18:16:26 [ERROR]: Request failed with status code 429
2024-11-01 18:16:26 [ERROR]: Request failed with status code 429
2024-11-01 18:16:26 [ERROR]: Request failed with status code 429
2024-11-01 18:16:26 [ERROR]: Request failed with status code 429
2024-11-01 18:16:26 [ERROR]: Request failed with status code 429
2024-11-01 18:16:26 [ERROR]: Request failed with status code 429
2024-11-01 18:16:26 [ERROR]: Request failed with status code 429
2024-11-01 18:16:26 [ERROR]: Request failed with status code 429
2024-11-01 18:16:26 [ERROR]: Request failed with status code 429
2024-11-01 18:16:26 [ERROR]: Request failed with status code 429
2024-11-01 18:16:26 [ERROR]: Request failed with status code 429
2024-11-01 18:16:26 [ERROR]: Request failed with status code 429
2024-11-01 18:16:26 [ERROR]: Request failed with status code 429
2024-11-01 18:16:26 [ERROR]: Request failed with status code 429
2024-11-01 18:16:26 [ERROR]: Request failed with status code 429
2024-11-01 18:16:26 [ERROR]: Request failed with status code 429
2024-11-01 18:16:26 [ERROR]: Request failed with status code 429
2024-11-01 18:16:26 [ERROR]: Request failed with status code 429
2024-11-01 18:16:27 [ERROR]: Request failed with status code 429
2024-11-01 18:16:27 [ERROR]: Request failed with status code 429
2024-11-01 18:16:27 [ERROR]: Request failed with status code 429
2024-11-01 18:16:27 [ERROR]: Request failed with status code 429
2024-11-01 18:16:27 [ERROR]: Request failed with status code 429
2024-11-01 18:16:27 [ERROR]: Request failed with status code 429
2024-11-01 18:16:27 [ERROR]: Request failed with status code 429
2024-11-01 18:16:27 [ERROR]: Request failed with status code 429
2024-11-01 18:16:27 [ERROR]: Request failed with status code 429
2024-11-01 18:16:27 [ERROR]: Request failed with status code 429
2024-11-01 18:16:27 [ERROR]: Request failed with status code 429
2024-11-01 18:16:27 [ERROR]: Request failed with status code 429
2024-11-01 18:16:27 [ERROR]: Request failed with status code 429
2024-11-01 18:16:27 [ERROR]: Request failed with status code 429
2024-11-01 18:16:27 [ERROR]: Request failed with status code 429
2024-11-01 18:16:27 [ERROR]: Request failed with status code 429
2024-11-01 18:16:27 [ERROR]: Request failed with status code 429
2024-11-01 18:16:27 [ERROR]: Request failed with status code 429
2024-11-01 18:16:27 [ERROR]: Request failed with status code 429
2024-11-01 18:16:27 [ERROR]: Request failed with status code 429
2024-11-01 18:16:27 [ERROR]: Request failed with status code 429
2024-11-01 18:16:27 [ERROR]: Request failed with status code 429
2024-11-01 18:16:27 [ERROR]: Request failed with status code 429
2024-11-01 18:16:27 [ERROR]: Request failed with status code 429
2024-11-01 18:16:27 [ERROR]: Request failed with status code 429
2024-11-01 18:16:27 [ERROR]: Request failed with status code 429
2024-11-01 18:16:27 [ERROR]: Request failed with status code 429
2024-11-01 18:16:27 [ERROR]: Request failed with status code 429
2024-11-01 18:16:27 [ERROR]: Request failed with status code 429
2024-11-01 18:16:27 [ERROR]: Request failed with status code 429
2024-11-01 18:16:27 [ERROR]: Request failed with status code 429
2024-11-01 18:16:27 [ERROR]: Request failed with status code 429
2024-11-01 18:16:27 [ERROR]: Request failed with status code 429
2024-11-01 18:16:27 [ERROR]: Request failed with status code 429
2024-11-01 18:16:27 [ERROR]: Request failed with status code 429
2024-11-01 18:16:27 [ERROR]: Request failed with status code 429
2024-11-01 18:16:28 [ERROR]: Request failed with status code 429
2024-11-01 18:16:28 [ERROR]: Request failed with status code 429
2024-11-01 18:16:28 [ERROR]: Request failed with status code 429
2024-11-01 18:16:28 [ERROR]: Request failed with status code 429
2024-11-01 18:16:28 [ERROR]: Request failed with status code 429
2024-11-01 18:16:28 [ERROR]: Request failed with status code 429
2024-11-01 18:16:28 [ERROR]: Request failed with status code 429
2024-11-01 18:16:28 [ERROR]: Request failed with status code 429
2024-11-01 18:16:28 [ERROR]: Request failed with status code 429
2024-11-01 18:16:28 [ERROR]: Request failed with status code 429
2024-11-01 18:16:28 [ERROR]: Request failed with status code 429
2024-11-01 18:16:28 [ERROR]: Request failed with status code 429
2024-11-01 18:16:28 [ERROR]: Request failed with status code 429
2024-11-01 18:16:28 [ERROR]: Request failed with status code 429
2024-11-01 18:16:28 [ERROR]: Request failed with status code 429
2024-11-01 18:16:28 [ERROR]: Request failed with status code 429
2024-11-01 18:16:28 [ERROR]: Request failed with status code 429
2024-11-01 18:16:28 [ERROR]: Request failed with status code 429
2024-11-01 18:16:29 [ERROR]: Request failed with status code 429
2024-11-01 18:16:29 [ERROR]: Request failed with status code 429
2024-11-01 18:16:29 [ERROR]: Request failed with status code 429
2024-11-01 18:16:29 [ERROR]: Request failed with status code 429
2024-11-01 18:16:29 [ERROR]: Request failed with status code 429
2024-11-01 18:16:29 [ERROR]: Request failed with status code 429
2024-11-01 18:16:29 [ERROR]: Request failed with status code 429
2024-11-01 18:16:29 [ERROR]: Request failed with status code 429
2024-11-01 18:16:29 [ERROR]: Request failed with status code 429
2024-11-01 18:16:29 [ERROR]: Request failed with status code 429
2024-11-01 18:16:29 [ERROR]: Request failed with status code 429
2024-11-01 18:16:29 [ERROR]: Request failed with status code 429
2024-11-01 18:16:29 [ERROR]: Request failed with status code 429
2024-11-01 18:16:29 [ERROR]: Request failed with status code 429
2024-11-01 18:16:30 [ERROR]: Request failed with status code 429
2024-11-01 18:16:30 [ERROR]: Request failed with status code 429
2024-11-01 18:16:30 [ERROR]: Request failed with status code 429
2024-11-01 18:16:30 [ERROR]: Request failed with status code 429
2024-11-01 18:16:30 [ERROR]: Request failed with status code 429
2024-11-01 18:16:30 [ERROR]: Request failed with status code 429
2024-11-01 18:16:30 [ERROR]: Request failed with status code 429
2024-11-01 18:17:00 [ERROR]: Erro ao buscar membros: Members didn't arrive in time.
2024-11-01 18:20:08 [ERROR]: Received one or more errors
2024-11-01 18:20:25 [ERROR]: Request failed with status code 429
2024-11-01 18:20:25 [ERROR]: Request failed with status code 429
2024-11-01 18:20:25 [ERROR]: Request failed with status code 429
2024-11-01 18:20:25 [ERROR]: Request failed with status code 429
2024-11-01 18:25:08 [ERROR]: Received one or more errors
2024-11-01 18:25:22 [ERROR]: Request failed with status code 429
2024-11-01 18:25:22 [ERROR]: Request failed with status code 429
2024-11-01 18:25:22 [ERROR]: Request failed with status code 429
2024-11-01 18:25:22 [ERROR]: Request failed with status code 429
2024-11-02 10:25:09 [ERROR]: Received one or more errors
2024-11-02 10:25:26 [ERROR]: Request failed with status code 429
2024-11-02 10:25:26 [ERROR]: Request failed with status code 429
2024-11-02 10:25:26 [ERROR]: Request failed with status code 429
2024-11-02 10:25:26 [ERROR]: Request failed with status code 429
2024-11-02 10:30:07 [ERROR]: Received one or more errors
2024-11-02 10:30:20 [ERROR]: Request failed with status code 429
2024-11-02 10:30:21 [ERROR]: Request failed with status code 429
2024-11-02 10:30:21 [ERROR]: Request failed with status code 429
2024-11-02 10:30:21 [ERROR]: Request failed with status code 429
2024-11-02 11:05:08 [ERROR]: Received one or more errors
2024-11-02 11:05:25 [ERROR]: Request failed with status code 429
2024-11-02 11:05:25 [ERROR]: Request failed with status code 429
2024-11-02 11:05:26 [ERROR]: Request failed with status code 429
2024-11-02 11:05:26 [ERROR]: Request failed with status code 429
2024-11-02 11:10:07 [ERROR]: Received one or more errors
2024-11-02 11:10:20 [ERROR]: Request failed with status code 429
2024-11-02 11:10:20 [ERROR]: Request failed with status code 429
2024-11-02 11:10:20 [ERROR]: Request failed with status code 429
2024-11-02 11:10:21 [ERROR]: Request failed with status code 429
2024-11-02 11:15:08 [ERROR]: Received one or more errors
2024-11-02 11:15:22 [ERROR]: Request failed with status code 429
2024-11-02 11:15:23 [ERROR]: Request failed with status code 429
2024-11-02 11:15:23 [ERROR]: Request failed with status code 429
2024-11-02 11:15:23 [ERROR]: Request failed with status code 429
2024-11-02 11:20:07 [ERROR]: Received one or more errors
2024-11-02 11:20:20 [ERROR]: Request failed with status code 429
2024-11-02 11:20:20 [ERROR]: Request failed with status code 429
2024-11-02 11:20:20 [ERROR]: Request failed with status code 429
2024-11-02 11:20:20 [ERROR]: Request failed with status code 429
2024-11-02 12:30:08 [ERROR]: Received one or more errors
2024-11-02 12:30:25 [ERROR]: Request failed with status code 429
2024-11-02 12:30:26 [ERROR]: Request failed with status code 429
2024-11-02 12:30:26 [ERROR]: Request failed with status code 429
2024-11-02 12:30:26 [ERROR]: Request failed with status code 429
2024-11-02 12:50:08 [ERROR]: Received one or more errors
2024-11-02 16:21:35 [ERROR]: Erro ao aplicar timeout em jhon_ovski: Missing Permissions
2024-11-02 16:25:08 [ERROR]: Received one or more errors
2024-11-02 16:25:27 [ERROR]: Request failed with status code 429
2024-11-02 16:25:27 [ERROR]: Request failed with status code 429
2024-11-02 16:25:27 [ERROR]: Request failed with status code 429
2024-11-02 16:25:27 [ERROR]: Request failed with status code 429
2024-11-02 16:30:08 [ERROR]: Received one or more errors
2024-11-02 16:30:21 [ERROR]: Request failed with status code 429
2024-11-02 16:30:22 [ERROR]: Request failed with status code 429
2024-11-02 16:30:22 [ERROR]: Request failed with status code 429
2024-11-02 16:30:22 [ERROR]: Request failed with status code 429
2024-11-02 16:46:27 [ERROR]: Erro ao aplicar timeout em jhon_ovski: Missing Permissions
